[     143ms] [INFO] %cDownload the React DevTools for a better development experience: https://react.dev/link/react-devtools font-weight:bold @ http://localhost:3001/_next/static/chunks/node_modules_next_dist_115brz8._.js:2477
[     164ms] [LOG] [HMR] connected @ http://localhost:3001/_next/static/chunks/node_modules_next_dist_115brz8._.js:2477
[     186ms] [WARNING] Image with src "http://localhost:3001/2arc.svg" has either width or height modified, but not the other. If you use CSS to change the size of your image, also include the styles 'width: "auto"' or 'height: "auto"' to maintain the aspect ratio. @ http://localhost:3001/_next/static/chunks/node_modules_next_dist_115brz8._.js:2477
[   99926ms] [LOG] [Fast Refresh] rebuilding @ http://localhost:3001/_next/static/chunks/node_modules_next_dist_115brz8._.js:2477
[   99938ms] [WARNING] Image with src "http://localhost:3001/CircleHalfWide10.svg" has either width or height modified, but not the other. If you use CSS to change the size of your image, also include the styles 'width: "auto"' or 'height: "auto"' to maintain the aspect ratio. @ http://localhost:3001/_next/static/chunks/node_modules_next_dist_115brz8._.js:2477
[   99945ms] [LOG] [Fast Refresh] done in 48ms @ http://localhost:3001/_next/static/chunks/node_modules_next_dist_115brz8._.js:2477
[  133248ms] [LOG] [Fast Refresh] rebuilding @ http://localhost:3001/_next/static/chunks/node_modules_next_dist_115brz8._.js:2477
[  133259ms] [WARNING] Image with src "http://localhost:3001/CircleHalfWide.svg" has either width or height modified, but not the other. If you use CSS to change the size of your image, also include the styles 'width: "auto"' or 'height: "auto"' to maintain the aspect ratio. @ http://localhost:3001/_next/static/chunks/node_modules_next_dist_115brz8._.js:2477
[  133265ms] [LOG] [Fast Refresh] done in 42ms @ http://localhost:3001/_next/static/chunks/node_modules_next_dist_115brz8._.js:2477
[  175174ms] [LOG] [Fast Refresh] rebuilding @ http://localhost:3001/_next/static/chunks/node_modules_next_dist_115brz8._.js:2477
[  175187ms] [LOG] [Fast Refresh] done in 39ms @ http://localhost:3001/_next/static/chunks/node_modules_next_dist_115brz8._.js:2477
[  277752ms] [LOG] [Fast Refresh] rebuilding @ http://localhost:3001/_next/static/chunks/node_modules_next_dist_115brz8._.js:2477
[  277774ms] [LOG] [Fast Refresh] done in 54ms @ http://localhost:3001/_next/static/chunks/node_modules_next_dist_115brz8._.js:2477
[  284248ms] [LOG] [Fast Refresh] rebuilding @ http://localhost:3001/_next/static/chunks/node_modules_next_dist_115brz8._.js:2477
[  284294ms] [LOG] [Fast Refresh] done in 113ms @ http://localhost:3001/_next/static/chunks/node_modules_next_dist_115brz8._.js:2477
[  293381ms] [LOG] [Fast Refresh] rebuilding @ http://localhost:3001/_next/static/chunks/node_modules_next_dist_115brz8._.js:2477
[  293400ms] [LOG] [Fast Refresh] done in 47ms @ http://localhost:3001/_next/static/chunks/node_modules_next_dist_115brz8._.js:2477
[  299712ms] [LOG] [Fast Refresh] rebuilding @ http://localhost:3001/_next/static/chunks/node_modules_next_dist_115brz8._.js:2477
[  299736ms] [LOG] [Fast Refresh] done in 21ms @ http://localhost:3001/_next/static/chunks/node_modules_next_dist_115brz8._.js:2477
[  305144ms] [LOG] [Fast Refresh] rebuilding @ http://localhost:3001/_next/static/chunks/node_modules_next_dist_115brz8._.js:2477
[  305164ms] [LOG] [Fast Refresh] done in 24ms @ http://localhost:3001/_next/static/chunks/node_modules_next_dist_115brz8._.js:2477
[  311266ms] [LOG] [Fast Refresh] rebuilding @ http://localhost:3001/_next/static/chunks/node_modules_next_dist_115brz8._.js:2477
[  311296ms] [LOG] [Fast Refresh] done in 41ms @ http://localhost:3001/_next/static/chunks/node_modules_next_dist_115brz8._.js:2477
[  316410ms] [LOG] [Fast Refresh] rebuilding @ http://localhost:3001/_next/static/chunks/node_modules_next_dist_115brz8._.js:2477
[  316439ms] [LOG] [Fast Refresh] done in 32ms @ http://localhost:3001/_next/static/chunks/node_modules_next_dist_115brz8._.js:2477
